<?xml version="1.0" encoding="UTF-8"?>
<!-- Generated by org.testng.reporters.JUnitReportReporter -->
<testsuite hostname="USC-W-4MFTKW2" failures="0" tests="1" name="com.baseclass.basic.selenium.SeleniumGoogleTestsLocatorsOrganizedADesiredCaps" time="15.965" errors="0" timestamp="2022-02-07T17:47:14 EST" skipped="0">
  <testcase classname="com.baseclass.basic.selenium.SeleniumGoogleTestsLocatorsOrganizedADesiredCaps" name="testGoogleHomePage" time="15.965"/>
  <system-out/>
</testsuite> <!-- com.baseclass.basic.selenium.SeleniumGoogleTestsLocatorsOrganizedADesiredCaps -->
