<?xml version="1.0" encoding="UTF-8"?>
<!-- Generated by org.testng.reporters.JUnitReportReporter -->
<testsuite hostname="USC-W-4MFTKW2" failures="0" tests="5" name="com.baseclass.selenium.LoggerExample" time="0.062" errors="0" timestamp="2022-01-26T22:24:21 EST" skipped="0">
  <testcase classname="com.baseclass.selenium.LoggerExample" name="testLoggerDebug" time="0.026"/>
  <system-out/>
  <testcase classname="com.baseclass.selenium.LoggerExample" name="testLoggerFatal" time="0.003"/>
  <system-out/>
  <testcase classname="com.baseclass.selenium.LoggerExample" name="testLoggerWarn" time="0.002"/>
  <system-out/>
  <testcase classname="com.baseclass.selenium.LoggerExample" name="testLoggerInfo" time="0.003"/>
  <system-out/>
  <testcase classname="com.baseclass.selenium.LoggerExample" name="testLoggerError" time="0.028"/>
  <system-out/>
</testsuite> <!-- com.baseclass.selenium.LoggerExample -->
