<?xml version="1.0" encoding="UTF-8"?>
<!-- Generated by org.testng.reporters.JUnitReportReporter -->
<testsuite hostname="USC-W-4MFTKW2" failures="0" tests="1" name="com.baseclass.basic.selenium.SeleniumGoogleTestsLocatorsOrganizedInSamePage" time="5.550" errors="0" timestamp="2022-02-05T09:18:40 EST" skipped="0">
  <testcase classname="com.baseclass.basic.selenium.SeleniumGoogleTestsLocatorsOrganizedInSamePage" name="testGoogle" time="5.550"/>
  <system-out/>
</testsuite> <!-- com.baseclass.basic.selenium.SeleniumGoogleTestsLocatorsOrganizedInSamePage -->
