<?xml version="1.0" encoding="UTF-8"?>
<!-- Generated by org.testng.reporters.JUnitReportReporter -->
<testsuite hostname="USC-W-4MFTKW2" failures="0" tests="4" name="com.pom.example.TestGoogle" time="0.089" errors="0" timestamp="2022-02-07T09:44:39 EST" skipped="0">
  <testcase classname="com.pom.example.TestGoogle" name="testGoogleTitle" time="0.012"/>
  <system-out/>
  <testcase classname="com.pom.example.TestGoogle" name="testGoogleTitleShortVersion" time="0.005"/>
  <system-out/>
  <testcase classname="com.pom.example.TestGoogle" name="testGmailLink" time="0.042"/>
  <system-out/>
  <testcase classname="com.pom.example.TestGoogle" name="testImagesLink" time="0.030"/>
  <system-out/>
</testsuite> <!-- com.pom.example.TestGoogle -->
