<?xml version="1.0" encoding="UTF-8"?>
<!-- Generated by org.testng.reporters.JUnitReportReporter -->
<testsuite hostname="USC-W-4MFTKW2" failures="0" tests="1" name="com.baseclass.basic.selenium.SeleniumGoogleTestsLocators" time="4.278" errors="0" timestamp="2022-02-05T09:17:02 EST" skipped="0">
  <testcase classname="com.baseclass.basic.selenium.SeleniumGoogleTestsLocators" name="testGoogle" time="4.278"/>
  <system-out/>
</testsuite> <!-- com.baseclass.basic.selenium.SeleniumGoogleTestsLocators -->
