<?xml version="1.0" encoding="UTF-8"?>
<!-- Generated by org.testng.reporters.JUnitReportReporter -->
<testsuite hostname="USC-W-4MFTKW2" failures="0" tests="2" name="com.baseclass.selenium.ClassTests" time="0.008" errors="0" timestamp="2022-02-05T09:10:16 EST" skipped="0">
  <testcase classname="com.baseclass.selenium.ClassTests" name="sum" time="0.006"/>
  <system-out/>
  <testcase classname="com.baseclass.selenium.ClassTests" name="testSum" time="0.002"/>
  <system-out/>
</testsuite> <!-- com.baseclass.selenium.ClassTests -->
