<?xml version="1.0" encoding="UTF-8"?>
<!-- Generated by org.testng.reporters.JUnitReportReporter -->
<testsuite hostname="USC-W-4MFTKW2" failures="0" tests="1" name="com.baseclass.selenium.SeleniumGoogleTests" time="5.057" errors="0" timestamp="2022-02-05T09:11:52 EST" skipped="0">
  <testcase classname="com.baseclass.selenium.SeleniumGoogleTests" name="testGoogle" time="5.057"/>
  <system-out/>
</testsuite> <!-- com.baseclass.selenium.SeleniumGoogleTests -->
