<?xml version="1.0" encoding="UTF-8"?>
<!-- Generated by org.testng.reporters.JUnitReportReporter -->
<testsuite hostname="USC-W-4MFTKW2" failures="0" tests="2" name="com.baseclass.dataprovider.DataProviderTests" time="0.016" errors="0" timestamp="2022-02-07T18:37:54 EST" skipped="0">
  <testcase classname="com.baseclass.dataprovider.DataProviderTests" name="testData" time="0.014"/>
  <system-out/>
  <testcase classname="com.baseclass.dataprovider.DataProviderTests" name="testData" time="0.002"/>
  <system-out/>
</testsuite> <!-- com.baseclass.dataprovider.DataProviderTests -->
